<?xml version="1.0" encoding="UTF-8"?>
<!-- Generated by org.testng.reporters.JUnitReportReporter -->
<testsuite hostname="cresto-ThinkPad-T430" name="www.officedepot.com.HomePage" tests="1" failures="0" timestamp="3 Sep 2016 18:31:50 GMT" time="7.354" errors="0">
  <testcase name="test" time="7.354" classname="www.officedepot.com.HomePage"/>
</testsuite> <!-- www.officedepot.com.HomePage -->
