<?xml version="1.0" encoding="UTF-8"?>
<!-- Generated by org.testng.reporters.JUnitReportReporter -->
<testsuite hostname="cresto-ThinkPad-T430" name="www.officedepot.com.Homepage" tests="1" failures="0" timestamp="3 Sep 2016 04:54:19 GMT" time="7.453" errors="0">
  <testcase name="test" time="7.453" classname="www.officedepot.com.Homepage"/>
</testsuite> <!-- www.officedepot.com.Homepage -->
